<?xml version="1.0" encoding="UTF-8"?>
<!-- Generated by org.testng.reporters.JUnitReportReporter -->
<testsuite hostname="HP-PC" failures="0" tests="1" name="test_class.PatchTc1" time="1.053" errors="0" timestamp="2023-05-04T16:37:46 IST" skipped="0">
  <testcase classname="test_class.PatchTc1" name="orchestrator" time="1.053"/>
  <system-out/>
</testsuite> <!-- test_class.PatchTc1 -->
