<?xml version="1.0" encoding="UTF-8"?>
<!-- Generated by org.testng.reporters.JUnitReportReporter -->
<testsuite hostname="HP-PC" failures="0" tests="1" name="test_class.PutTc1" time="0.989" errors="0" timestamp="2023-05-04T16:37:46 IST" skipped="0">
  <testcase classname="test_class.PutTc1" name="orchestrator" time="0.989"/>
  <system-out/>
</testsuite> <!-- test_class.PutTc1 -->
